2025-08-05 06:20:33,140 - INFO - FORCE COMMIT: Committing ALL changes as per user requirements
2025-08-05 06:20:33,141 - INFO - Comprehensive .gitignore created/updated
2025-08-05 06:20:33,141 - INFO - Adding all files to git staging area...
2025-08-05 06:20:34,292 - INFO - Committing with message: feat: automated implementation - infrastructure: 3 files, tests: 2 files, agents: 2 files, config: 1...
2025-08-05 06:20:34,768 - INFO - SUCCESS: All changes committed successfully!
2025-08-05 06:20:34,824 - INFO - Attempting to push to remote repository...
2025-08-05 06:20:37,649 - INFO - Successfully pushed to remote repository!
2025-08-05 06:31:15,268 - INFO - FORCE COMMIT: Committing ALL changes as per user requirements
2025-08-05 06:31:15,269 - INFO - Comprehensive .gitignore created/updated
2025-08-05 06:31:15,269 - INFO - Adding all files to git staging area...
2025-08-05 06:31:16,376 - INFO - Committing with message: chore: automated commit check - no changes (2025-08-05 06:31:16)...
2025-08-05 06:31:17,166 - ERROR - Git command failed: git commit -m chore: automated commit check - no changes (2025-08-05 06:31:16) --no-verify
2025-08-05 06:31:17,166 - ERROR - Error: b''
2025-08-05 06:31:17,166 - ERROR - Commit failed!
2025-08-05 06:34:48,915 - INFO - FORCE COMMIT: Committing ALL changes as per user requirements
2025-08-05 06:34:48,916 - INFO - Comprehensive .gitignore created/updated
2025-08-05 06:34:48,916 - INFO - Adding all files to git staging area...
2025-08-05 06:34:50,068 - INFO - Committing with message: chore: automated commit check - no changes (2025-08-05 06:34:50)...
2025-08-05 06:34:50,903 - ERROR - Git command failed: git commit -m chore: automated commit check - no changes (2025-08-05 06:34:50) --no-verify
2025-08-05 06:34:50,904 - ERROR - Error: b''
2025-08-05 06:34:50,904 - ERROR - Commit failed!
2025-08-05 06:38:27,538 - INFO - FORCE COMMIT: Committing ALL changes as per user requirements
2025-08-05 06:38:27,539 - INFO - Comprehensive .gitignore created/updated
2025-08-05 06:38:27,540 - INFO - Adding all files to git staging area...
2025-08-05 06:38:28,642 - INFO - Committing with message: chore: automated commit check - no changes (2025-08-05 06:38:28)...
2025-08-05 06:38:29,702 - ERROR - Git command failed: git commit -m chore: automated commit check - no changes (2025-08-05 06:38:28) --no-verify
2025-08-05 06:38:29,702 - ERROR - Error: b''
2025-08-05 06:38:29,702 - ERROR - Commit failed!
2025-08-05 06:40:36,734 - INFO - FORCE COMMIT: Committing ALL changes as per user requirements
2025-08-05 06:40:36,735 - INFO - Comprehensive .gitignore created/updated
2025-08-05 06:40:36,735 - INFO - Adding all files to git staging area...
2025-08-05 06:40:37,982 - INFO - Committing with message: chore: automated commit check - no changes (2025-08-05 06:40:37)...
2025-08-05 06:40:38,775 - ERROR - Git command failed: git commit -m chore: automated commit check - no changes (2025-08-05 06:40:37) --no-verify
2025-08-05 06:40:38,775 - ERROR - Error: b''
2025-08-05 06:40:38,775 - ERROR - Commit failed!
2025-08-05 07:13:50,152 - INFO - FORCE COMMIT: Committing ALL changes as per user requirements
2025-08-05 07:13:50,154 - INFO - Comprehensive .gitignore created/updated
2025-08-05 07:13:50,154 - INFO - Adding all files to git staging area...
2025-08-05 07:13:51,427 - INFO - Committing with message: chore: automated commit check - no changes (2025-08-05 07:13:51)...
2025-08-05 07:13:52,266 - ERROR - Git command failed: git commit -m chore: automated commit check - no changes (2025-08-05 07:13:51) --no-verify
2025-08-05 07:13:52,266 - ERROR - Error: b''
2025-08-05 07:13:52,266 - ERROR - Commit failed!
2025-08-05 07:30:01,883 - INFO - FORCE COMMIT: Committing ALL changes as per user requirements
2025-08-05 07:30:01,885 - INFO - Comprehensive .gitignore created/updated
2025-08-05 07:30:01,885 - INFO - Adding all files to git staging area...
2025-08-05 07:30:03,368 - INFO - Committing with message: feat: automated implementation - tests: 4 files, agents: 1 files

- skz-integration/autonomous-agent...
2025-08-05 07:30:03,898 - INFO - SUCCESS: All changes committed successfully!
2025-08-05 07:30:03,968 - INFO - Attempting to push to remote repository...
2025-08-05 07:30:07,040 - INFO - Successfully pushed to remote repository!
2025-08-06 19:43:31,986 - INFO - FORCE COMMIT: Committing ALL changes as per user requirements
2025-08-06 19:43:31,987 - INFO - Comprehensive .gitignore created/updated
2025-08-06 19:43:31,987 - INFO - Adding all files to git staging area...
2025-08-06 19:43:33,187 - INFO - Committing with message: feat: automated implementation - infrastructure: 1 files, agents: 4 files, misc: 1 files

Auto-commi...
2025-08-06 19:43:34,015 - INFO - SUCCESS: All changes committed successfully!
2025-08-06 19:43:34,138 - INFO - Attempting to push to remote repository...
2025-08-06 19:43:36,718 - INFO - Successfully pushed to remote repository!
